<?xml version="1.0" encoding="UTF-8"?>
<!-- Generated by org.testng.reporters.JUnitReportReporter -->
<testsuite name="NTRunner.VSERunner" tests="3" time="36.361" ignored="0" failures="0" timestamp="03 Mar 2020 13:41:04 GMT" skipped="0" hostname="ESL-DPC-0012" errors="0">
  <testcase name="feature" time="19.451" classname="NTRunner.VSERunner"/>
  <testcase name="feature" time="15.064" classname="NTRunner.VSERunner"/>
  <testcase name="feature" time="1.846" classname="NTRunner.VSERunner"/>
</testsuite> <!-- NTRunner.VSERunner -->
